<?xml version="1.0" encoding="UTF-8"?>
<coverage generated="1768781201272" clover="3.2.0">
  <project timestamp="1768781201272" name="All files">
    <metrics statements="238" coveredstatements="10" conditionals="110" coveredconditionals="0" methods="123" coveredmethods="5" elements="471" coveredelements="15" complexity="0" loc="238" ncloc="238" packages="14" files="25" classes="25"/>
    <package name="app">
      <metrics statements="2" coveredstatements="0" conditionals="0" coveredconditionals="0" methods="1" coveredmethods="0"/>
      <file name="App.jsx" path="C:\PruebasTecnicas\velora-hr\src\app\App.jsx">
        <metrics statements="1" coveredstatements="0" conditionals="0" coveredconditionals="0" methods="1" coveredmethods="0"/>
        <line num="10" count="0" type="stmt"/>
      </file>
      <file name="queryClient.js" path="C:\PruebasTecnicas\velora-hr\src\app\queryClient.js">
        <metrics statements="1" coveredstatements="0" conditionals="0" coveredconditionals="0" methods="0" coveredmethods="0"/>
        <line num="3" count="0" type="stmt"/>
      </file>
    </package>
    <package name="features.battle.components">
      <metrics statements="7" coveredstatements="0" conditionals="16" coveredconditionals="0" methods="4" coveredmethods="0"/>
      <file name="BattleResult.jsx" path="C:\PruebasTecnicas\velora-hr\src\features\battle\components\BattleResult.jsx">
        <metrics statements="4" coveredstatements="0" conditionals="14" coveredconditionals="0" methods="2" coveredmethods="0"/>
        <line num="1" count="0" type="stmt"/>
        <line num="2" count="0" type="cond" truecount="0" falsecount="4"/>
        <line num="4" count="0" type="stmt"/>
        <line num="32" count="0" type="stmt"/>
      </file>
      <file name="TeamDisplay.jsx" path="C:\PruebasTecnicas\velora-hr\src\features\battle\components\TeamDisplay.jsx">
        <metrics statements="3" coveredstatements="0" conditionals="2" coveredconditionals="0" methods="2" coveredmethods="0"/>
        <line num="1" count="0" type="stmt"/>
        <line num="2" count="0" type="stmt"/>
        <line num="10" count="0" type="stmt"/>
      </file>
    </package>
    <package name="features.battle.page">
      <metrics statements="16" coveredstatements="0" conditionals="7" coveredconditionals="0" methods="9" coveredmethods="0"/>
      <file name="BattlePage.jsx" path="C:\PruebasTecnicas\velora-hr\src\features\battle\page\BattlePage.jsx">
        <metrics statements="16" coveredstatements="0" conditionals="7" coveredconditionals="0" methods="9" coveredmethods="0"/>
        <line num="6" count="0" type="stmt"/>
        <line num="7" count="0" type="stmt"/>
        <line num="18" count="0" type="stmt"/>
        <line num="20" count="0" type="stmt"/>
        <line num="22" count="0" type="stmt"/>
        <line num="23" count="0" type="stmt"/>
        <line num="24" count="0" type="stmt"/>
        <line num="27" count="0" type="stmt"/>
        <line num="28" count="0" type="stmt"/>
        <line num="29" count="0" type="stmt"/>
        <line num="33" count="0" type="cond" truecount="0" falsecount="3"/>
        <line num="37" count="0" type="stmt"/>
        <line num="48" count="0" type="stmt"/>
        <line num="56" count="0" type="stmt"/>
        <line num="72" count="0" type="stmt"/>
        <line num="80" count="0" type="stmt"/>
      </file>
    </package>
    <package name="features.battle.utils">
      <metrics statements="13" coveredstatements="0" conditionals="10" coveredconditionals="0" methods="1" coveredmethods="0"/>
      <file name="battleEngine.js" path="C:\PruebasTecnicas\velora-hr\src\features\battle\utils\battleEngine.js">
        <metrics statements="13" coveredstatements="0" conditionals="10" coveredconditionals="0" methods="1" coveredmethods="0"/>
        <line num="2" count="0" type="stmt"/>
        <line num="3" count="0" type="stmt"/>
        <line num="4" count="0" type="stmt"/>
        <line num="6" count="0" type="cond" truecount="0" falsecount="2"/>
        <line num="7" count="0" type="stmt"/>
        <line num="8" count="0" type="stmt"/>
        <line num="12" count="0" type="cond" truecount="0" falsecount="2"/>
        <line num="13" count="0" type="cond" truecount="0" falsecount="2"/>
        <line num="15" count="0" type="cond" truecount="0" falsecount="2"/>
        <line num="18" count="0" type="stmt"/>
        <line num="24" count="0" type="cond" truecount="0" falsecount="2"/>
        <line num="27" count="0" type="stmt"/>
        <line num="32" count="0" type="stmt"/>
      </file>
    </package>
    <package name="features.pokemon.api">
      <metrics statements="38" coveredstatements="0" conditionals="6" coveredconditionals="0" methods="19" coveredmethods="0"/>
      <file name="getPokemons.js" path="C:\PruebasTecnicas\velora-hr\src\features\pokemon\api\getPokemons.js">
        <metrics statements="20" coveredstatements="0" conditionals="2" coveredconditionals="0" methods="11" coveredmethods="0"/>
        <line num="2" count="0" type="stmt"/>
        <line num="5" count="0" type="stmt"/>
        <line num="7" count="0" type="stmt"/>
        <line num="9" count="0" type="stmt"/>
        <line num="10" count="0" type="stmt"/>
        <line num="12" count="0" type="stmt"/>
        <line num="16" count="0" type="stmt"/>
        <line num="18" count="0" type="stmt"/>
        <line num="19" count="0" type="stmt"/>
        <line num="21" count="0" type="stmt"/>
        <line num="27" count="0" type="stmt"/>
        <line num="31" count="0" type="stmt"/>
        <line num="35" count="0" type="cond" truecount="0" falsecount="2"/>
        <line num="36" count="0" type="stmt"/>
        <line num="39" count="0" type="stmt"/>
        <line num="41" count="0" type="stmt"/>
        <line num="46" count="0" type="stmt"/>
        <line num="48" count="0" type="stmt"/>
        <line num="49" count="0" type="stmt"/>
        <line num="50" count="0" type="stmt"/>
      </file>
      <file name="getTypes.js" path="C:\PruebasTecnicas\velora-hr\src\features\pokemon\api\getTypes.js">
        <metrics statements="18" coveredstatements="0" conditionals="4" coveredconditionals="0" methods="8" coveredmethods="0"/>
        <line num="2" count="0" type="stmt"/>
        <line num="4" count="0" type="cond" truecount="0" falsecount="2"/>
        <line num="5" count="0" type="stmt"/>
        <line num="8" count="0" type="stmt"/>
        <line num="10" count="0" type="stmt"/>
        <line num="17" count="0" type="stmt"/>
        <line num="19" count="0" type="cond" truecount="0" falsecount="2"/>
        <line num="20" count="0" type="stmt"/>
        <line num="23" count="0" type="stmt"/>
        <line num="25" count="0" type="stmt"/>
        <line num="27" count="0" type="stmt"/>
        <line num="28" count="0" type="stmt"/>
        <line num="30" count="0" type="stmt"/>
        <line num="34" count="0" type="stmt"/>
        <line num="36" count="0" type="stmt"/>
        <line num="37" count="0" type="stmt"/>
        <line num="39" count="0" type="stmt"/>
        <line num="45" count="0" type="stmt"/>
      </file>
    </package>
    <package name="features.pokemon.components">
      <metrics statements="13" coveredstatements="0" conditionals="11" coveredconditionals="0" methods="6" coveredmethods="0"/>
      <file name="PokemonCard.jsx" path="C:\PruebasTecnicas\velora-hr\src\features\pokemon\components\PokemonCard.jsx">
        <metrics statements="8" coveredstatements="0" conditionals="6" coveredconditionals="0" methods="3" coveredmethods="0"/>
        <line num="5" count="0" type="stmt"/>
        <line num="10" count="0" type="stmt"/>
        <line num="11" count="0" type="stmt"/>
        <line num="12" count="0" type="stmt"/>
        <line num="14" count="0" type="cond" truecount="0" falsecount="2"/>
        <line num="16" count="0" type="stmt"/>
        <line num="50" count="0" type="stmt"/>
        <line num="58" count="0" type="stmt"/>
      </file>
      <file name="Select.jsx" path="C:\PruebasTecnicas\velora-hr\src\features\pokemon\components\Select.jsx">
        <metrics statements="5" coveredstatements="0" conditionals="5" coveredconditionals="0" methods="3" coveredmethods="0"/>
        <line num="1" count="0" type="stmt"/>
        <line num="9" count="0" type="stmt"/>
        <line num="10" count="0" type="stmt"/>
        <line num="18" count="0" type="stmt"/>
        <line num="28" count="0" type="stmt"/>
      </file>
    </package>
    <package name="features.pokemon.hooks">
      <metrics statements="14" coveredstatements="0" conditionals="3" coveredconditionals="0" methods="6" coveredmethods="0"/>
      <file name="usePokemons.js" path="C:\PruebasTecnicas\velora-hr\src\features\pokemon\hooks\usePokemons.js">
        <metrics statements="12" coveredstatements="0" conditionals="3" coveredconditionals="0" methods="5" coveredmethods="0"/>
        <line num="6" count="0" type="stmt"/>
        <line num="8" count="0" type="stmt"/>
        <line num="9" count="0" type="stmt"/>
        <line num="11" count="0" type="cond" truecount="0" falsecount="1"/>
        <line num="13" count="0" type="cond" truecount="0" falsecount="2"/>
        <line num="17" count="0" type="stmt"/>
        <line num="19" count="0" type="stmt"/>
        <line num="24" count="0" type="stmt"/>
        <line num="26" count="0" type="stmt"/>
        <line num="30" count="0" type="stmt"/>
        <line num="36" count="0" type="stmt"/>
        <line num="38" count="0" type="stmt"/>
      </file>
      <file name="useTypes.js" path="C:\PruebasTecnicas\velora-hr\src\features\pokemon\hooks\useTypes.js">
        <metrics statements="2" coveredstatements="0" conditionals="0" coveredconditionals="0" methods="1" coveredmethods="0"/>
        <line num="4" count="0" type="stmt"/>
        <line num="5" count="0" type="stmt"/>
      </file>
    </package>
    <package name="features.pokemon.page">
      <metrics statements="23" coveredstatements="0" conditionals="21" coveredconditionals="0" methods="8" coveredmethods="0"/>
      <file name="PokemonPage.jsx" path="C:\PruebasTecnicas\velora-hr\src\features\pokemon\page\PokemonPage.jsx">
        <metrics statements="23" coveredstatements="0" conditionals="21" coveredconditionals="0" methods="8" coveredmethods="0"/>
        <line num="8" count="0" type="stmt"/>
        <line num="19" count="0" type="stmt"/>
        <line num="21" count="0" type="stmt"/>
        <line num="27" count="0" type="stmt"/>
        <line num="29" count="0" type="cond" truecount="0" falsecount="2"/>
        <line num="31" count="0" type="cond" truecount="0" falsecount="2"/>
        <line num="35" count="0" type="stmt"/>
        <line num="36" count="0" type="stmt"/>
        <line num="37" count="0" type="stmt"/>
        <line num="40" count="0" type="stmt"/>
        <line num="41" count="0" type="stmt"/>
        <line num="42" count="0" type="stmt"/>
        <line num="45" count="0" type="stmt"/>
        <line num="46" count="0" type="stmt"/>
        <line num="49" count="0" type="cond" truecount="0" falsecount="2"/>
        <line num="50" count="0" type="stmt"/>
        <line num="51" count="0" type="cond" truecount="0" falsecount="2"/>
        <line num="52" count="0" type="stmt"/>
        <line num="54" count="0" type="stmt"/>
        <line num="65" count="0" type="stmt"/>
        <line num="88" count="0" type="cond" truecount="0" falsecount="2"/>
        <line num="101" count="0" type="stmt"/>
        <line num="107" count="0" type="stmt"/>
      </file>
    </package>
    <package name="features.pokemon.utils">
      <metrics statements="2" coveredstatements="0" conditionals="0" coveredconditionals="0" methods="0" coveredmethods="0"/>
      <file name="pokemonTypeStyles.js" path="C:\PruebasTecnicas\velora-hr\src\features\pokemon\utils\pokemonTypeStyles.js">
        <metrics statements="2" coveredstatements="0" conditionals="0" coveredconditionals="0" methods="0" coveredmethods="0"/>
        <line num="1" count="0" type="stmt"/>
        <line num="76" count="0" type="stmt"/>
      </file>
    </package>
    <package name="features.teams.components">
      <metrics statements="23" coveredstatements="0" conditionals="8" coveredconditionals="0" methods="13" coveredmethods="0"/>
      <file name="SorrtablePokemonCard.jsx" path="C:\PruebasTecnicas\velora-hr\src\features\teams\components\SorrtablePokemonCard.jsx">
        <metrics statements="4" coveredstatements="0" conditionals="2" coveredconditionals="0" methods="1" coveredmethods="0"/>
        <line num="4" count="0" type="stmt"/>
        <line num="12" count="0" type="stmt"/>
        <line num="14" count="0" type="stmt"/>
        <line num="21" count="0" type="stmt"/>
      </file>
      <file name="TeamPokemonList.jsx" path="C:\PruebasTecnicas\velora-hr\src\features\teams\components\TeamPokemonList.jsx">
        <metrics statements="12" coveredstatements="0" conditionals="4" coveredconditionals="0" methods="7" coveredmethods="0"/>
        <line num="11" count="0" type="stmt"/>
        <line num="12" count="0" type="stmt"/>
        <line num="14" count="0" type="stmt"/>
        <line num="15" count="0" type="stmt"/>
        <line num="17" count="0" type="cond" truecount="0" falsecount="4"/>
        <line num="19" count="0" type="stmt"/>
        <line num="20" count="0" type="stmt"/>
        <line num="22" count="0" type="stmt"/>
        <line num="24" count="0" type="stmt"/>
        <line num="27" count="0" type="stmt"/>
        <line num="30" count="0" type="stmt"/>
        <line num="35" count="0" type="stmt"/>
      </file>
      <file name="TeamsCompoent.jsx" path="C:\PruebasTecnicas\velora-hr\src\features\teams\components\TeamsCompoent.jsx">
        <metrics statements="7" coveredstatements="0" conditionals="2" coveredconditionals="0" methods="5" coveredmethods="0"/>
        <line num="9" count="0" type="stmt"/>
        <line num="10" count="0" type="stmt"/>
        <line num="11" count="0" type="stmt"/>
        <line num="16" count="0" type="stmt"/>
        <line num="27" count="0" type="stmt"/>
        <line num="34" count="0" type="stmt"/>
        <line num="40" count="0" type="stmt"/>
      </file>
    </package>
    <package name="features.teams.page">
      <metrics statements="18" coveredstatements="0" conditionals="6" coveredconditionals="0" methods="7" coveredmethods="0"/>
      <file name="CreateTeamPage.jsx" path="C:\PruebasTecnicas\velora-hr\src\features\teams\page\CreateTeamPage.jsx">
        <metrics statements="16" coveredstatements="0" conditionals="6" coveredconditionals="0" methods="6" coveredmethods="0"/>
        <line num="7" count="0" type="stmt"/>
        <line num="8" count="0" type="stmt"/>
        <line num="17" count="0" type="stmt"/>
        <line num="19" count="0" type="stmt"/>
        <line num="20" count="0" type="stmt"/>
        <line num="21" count="0" type="cond" truecount="0" falsecount="2"/>
        <line num="22" count="0" type="stmt"/>
        <line num="26" count="0" type="stmt"/>
        <line num="27" count="0" type="cond" truecount="0" falsecount="2"/>
        <line num="28" count="0" type="stmt"/>
        <line num="30" count="0" type="stmt"/>
        <line num="34" count="0" type="stmt"/>
        <line num="35" count="0" type="stmt"/>
        <line num="38" count="0" type="stmt"/>
        <line num="54" count="0" type="stmt"/>
        <line num="71" count="0" type="stmt"/>
      </file>
      <file name="TeamsPage.jsx" path="C:\PruebasTecnicas\velora-hr\src\features\teams\page\TeamsPage.jsx">
        <metrics statements="2" coveredstatements="0" conditionals="0" coveredconditionals="0" methods="1" coveredmethods="0"/>
        <line num="4" count="0" type="stmt"/>
        <line num="5" count="0" type="stmt"/>
      </file>
    </package>
    <package name="features.teams.utils">
      <metrics statements="10" coveredstatements="10" conditionals="0" coveredconditionals="0" methods="5" coveredmethods="5"/>
      <file name="oderPokemons.js" path="C:\PruebasTecnicas\velora-hr\src\features\teams\utils\oderPokemons.js">
        <metrics statements="10" coveredstatements="10" conditionals="0" coveredconditionals="0" methods="5" coveredmethods="5"/>
        <line num="1" count="1" type="stmt"/>
        <line num="2" count="106" type="stmt"/>
        <line num="4" count="106" type="stmt"/>
        <line num="5" count="312" type="stmt"/>
        <line num="6" count="312" type="stmt"/>
        <line num="9" count="106" type="stmt"/>
        <line num="12" count="1" type="stmt"/>
        <line num="13" count="28" type="stmt"/>
        <line num="15" count="1" type="stmt"/>
        <line num="16" count="26" type="stmt"/>
      </file>
    </package>
    <package name="shared.layout">
      <metrics statements="10" coveredstatements="0" conditionals="2" coveredconditionals="0" methods="7" coveredmethods="0"/>
      <file name="AppLayout.jsx" path="C:\PruebasTecnicas\velora-hr\src\shared\layout\AppLayout.jsx">
        <metrics statements="2" coveredstatements="0" conditionals="0" coveredconditionals="0" methods="1" coveredmethods="0"/>
        <line num="4" count="0" type="stmt"/>
        <line num="5" count="0" type="stmt"/>
      </file>
      <file name="Sidebar.jsx" path="C:\PruebasTecnicas\velora-hr\src\shared\layout\Sidebar.jsx">
        <metrics statements="8" coveredstatements="0" conditionals="2" coveredconditionals="0" methods="6" coveredmethods="0"/>
        <line num="4" count="0" type="stmt"/>
        <line num="5" count="0" type="stmt"/>
        <line num="9" count="0" type="stmt"/>
        <line num="14" count="0" type="stmt"/>
        <line num="19" count="0" type="stmt"/>
        <line num="23" count="0" type="stmt"/>
        <line num="30" count="0" type="stmt"/>
        <line num="34" count="0" type="stmt"/>
      </file>
    </package>
    <package name="store">
      <metrics statements="49" coveredstatements="0" conditionals="20" coveredconditionals="0" methods="37" coveredmethods="0"/>
      <file name="useBattleStore.js" path="C:\PruebasTecnicas\velora-hr\src\store\useBattleStore.js">
        <metrics statements="8" coveredstatements="0" conditionals="4" coveredconditionals="0" methods="7" coveredmethods="0"/>
        <line num="4" count="0" type="stmt"/>
        <line num="15" count="0" type="stmt"/>
        <line num="23" count="0" type="stmt"/>
        <line num="31" count="0" type="stmt"/>
        <line num="33" count="0" type="cond" truecount="0" falsecount="4"/>
        <line num="35" count="0" type="stmt"/>
        <line num="37" count="0" type="stmt"/>
        <line num="45" count="0" type="stmt"/>
      </file>
      <file name="useFilterStore.js" path="C:\PruebasTecnicas\velora-hr\src\store\useFilterStore.js">
        <metrics statements="10" coveredstatements="0" conditionals="2" coveredconditionals="0" methods="9" coveredmethods="0"/>
        <line num="3" count="0" type="stmt"/>
        <line num="8" count="0" type="stmt"/>
        <line num="10" count="0" type="cond" truecount="0" falsecount="2"/>
        <line num="12" count="0" type="stmt"/>
        <line num="13" count="0" type="stmt"/>
        <line num="15" count="0" type="stmt"/>
        <line num="18" count="0" type="stmt"/>
        <line num="19" count="0" type="stmt"/>
        <line num="23" count="0" type="stmt"/>
        <line num="30" count="0" type="stmt"/>
      </file>
      <file name="useTeamStore.js" path="C:\PruebasTecnicas\velora-hr\src\store\useTeamStore.js">
        <metrics statements="31" coveredstatements="0" conditionals="14" coveredconditionals="0" methods="21" coveredmethods="0"/>
        <line num="5" count="0" type="stmt"/>
        <line num="7" count="0" type="stmt"/>
        <line num="9" count="0" type="stmt"/>
        <line num="19" count="0" type="stmt"/>
        <line num="29" count="0" type="stmt"/>
        <line num="37" count="0" type="stmt"/>
        <line num="39" count="0" type="cond" truecount="0" falsecount="2"/>
        <line num="40" count="0" type="stmt"/>
        <line num="42" count="0" type="stmt"/>
        <line num="43" count="0" type="stmt"/>
        <line num="46" count="0" type="cond" truecount="0" falsecount="2"/>
        <line num="47" count="0" type="stmt"/>
        <line num="50" count="0" type="stmt"/>
        <line num="57" count="0" type="stmt"/>
        <line num="61" count="0" type="stmt"/>
        <line num="65" count="0" type="stmt"/>
        <line num="71" count="0" type="stmt"/>
        <line num="73" count="0" type="cond" truecount="0" falsecount="2"/>
        <line num="78" count="0" type="stmt"/>
        <line num="80" count="0" type="cond" truecount="0" falsecount="2"/>
        <line num="87" count="0" type="stmt"/>
        <line num="89" count="0" type="cond" truecount="0" falsecount="4"/>
        <line num="90" count="0" type="stmt"/>
        <line num="93" count="0" type="stmt"/>
        <line num="96" count="0" type="stmt"/>
        <line num="108" count="0" type="stmt"/>
        <line num="110" count="0" type="cond" truecount="0" falsecount="2"/>
        <line num="112" count="0" type="stmt"/>
        <line num="118" count="0" type="stmt"/>
        <line num="123" count="0" type="stmt"/>
        <line num="129" count="0" type="stmt"/>
      </file>
    </package>
  </project>
</coverage>
