{"C:\\PruebasTecnicas\\velora-hr\\src\\app\\App.jsx": {"path":"C:\\PruebasTecnicas\\velora-hr\\src\\app\\App.jsx","statementMap":{"0":{"start":{"line":10,"column":2},"end":{"line":22,"column":4}}},"fnMap":{"0":{"name":"App","decl":{"start":{"line":9,"column":9},"end":{"line":9,"column":12}},"loc":{"start":{"line":9,"column":15},"end":{"line":23,"column":1}},"line":9}},"branchMap":{},"s":{"0":0},"f":{"0":0},"b":{}}
,"C:\\PruebasTecnicas\\velora-hr\\src\\app\\queryClient.js": {"path":"C:\\PruebasTecnicas\\velora-hr\\src\\app\\queryClient.js","statementMap":{"0":{"start":{"line":3,"column":27},"end":{"line":11,"column":2}}},"fnMap":{},"branchMap":{},"s":{"0":0},"f":{},"b":{}}
,"C:\\PruebasTecnicas\\velora-hr\\src\\features\\battle\\components\\BattleResult.jsx": {"path":"C:\\PruebasTecnicas\\velora-hr\\src\\features\\battle\\components\\BattleResult.jsx","statementMap":{"0":{"start":{"line":1,"column":21},"end":{"line":50,"column":1}},"1":{"start":{"line":2,"column":2},"end":{"line":2,"column":54}},"2":{"start":{"line":2,"column":42},"end":{"line":2,"column":54}},"3":{"start":{"line":4,"column":2},"end":{"line":49,"column":4}},"4":{"start":{"line":32,"column":14},"end":{"line":43,"column":20}}},"fnMap":{"0":{"name":"(anonymous_0)","decl":{"start":{"line":1,"column":21},"end":{"line":1,"column":22}},"loc":{"start":{"line":1,"column":75},"end":{"line":50,"column":1}},"line":1},"1":{"name":"(anonymous_1)","decl":{"start":{"line":31,"column":30},"end":{"line":31,"column":31}},"loc":{"start":{"line":32,"column":14},"end":{"line":43,"column":20}},"line":32}},"branchMap":{"0":{"loc":{"start":{"line":2,"column":2},"end":{"line":2,"column":54}},"type":"if","locations":[{"start":{"line":2,"column":2},"end":{"line":2,"column":54}},{"start":{},"end":{}}],"line":2},"1":{"loc":{"start":{"line":2,"column":6},"end":{"line":2,"column":40}},"type":"binary-expr","locations":[{"start":{"line":2,"column":6},"end":{"line":2,"column":23}},{"start":{"line":2,"column":27},"end":{"line":2,"column":40}}],"line":2},"2":{"loc":{"start":{"line":10,"column":9},"end":{"line":22,"column":9}},"type":"cond-expr","locations":[{"start":{"line":11,"column":10},"end":{"line":11,"column":74}},{"start":{"line":13,"column":10},"end":{"line":21,"column":14}}],"line":10},"3":{"loc":{"start":{"line":14,"column":13},"end":{"line":20,"column":43}},"type":"cond-expr","locations":[{"start":{"line":15,"column":16},"end":{"line":17,"column":43}},{"start":{"line":18,"column":16},"end":{"line":20,"column":43}}],"line":14},"4":{"loc":{"start":{"line":25,"column":7},"end":{"line":47,"column":7}},"type":"binary-expr","locations":[{"start":{"line":25,"column":7},"end":{"line":25,"column":30}},{"start":{"line":26,"column":8},"end":{"line":46,"column":14}}],"line":25},"5":{"loc":{"start":{"line":36,"column":19},"end":{"line":40,"column":30}},"type":"cond-expr","locations":[{"start":{"line":37,"column":22},"end":{"line":37,"column":36}},{"start":{"line":38,"column":22},"end":{"line":40,"column":30}}],"line":36},"6":{"loc":{"start":{"line":38,"column":22},"end":{"line":40,"column":30}},"type":"cond-expr","locations":[{"start":{"line":39,"column":22},"end":{"line":39,"column":36}},{"start":{"line":40,"column":22},"end":{"line":40,"column":30}}],"line":38}},"s":{"0":0,"1":0,"2":0,"3":0,"4":0},"f":{"0":0,"1":0},"b":{"0":[0,0],"1":[0,0],"2":[0,0],"3":[0,0],"4":[0,0],"5":[0,0],"6":[0,0]}}
,"C:\\PruebasTecnicas\\velora-hr\\src\\features\\battle\\components\\TeamDisplay.jsx": {"path":"C:\\PruebasTecnicas\\velora-hr\\src\\features\\battle\\components\\TeamDisplay.jsx","statementMap":{"0":{"start":{"line":1,"column":20},"end":{"line":27,"column":1}},"1":{"start":{"line":2,"column":2},"end":{"line":26,"column":8}},"2":{"start":{"line":10,"column":12},"end":{"line":19,"column":18}}},"fnMap":{"0":{"name":"(anonymous_0)","decl":{"start":{"line":1,"column":20},"end":{"line":1,"column":21}},"loc":{"start":{"line":2,"column":2},"end":{"line":26,"column":8}},"line":2},"1":{"name":"(anonymous_1)","decl":{"start":{"line":9,"column":29},"end":{"line":9,"column":30}},"loc":{"start":{"line":10,"column":12},"end":{"line":19,"column":18}},"line":10}},"branchMap":{"0":{"loc":{"start":{"line":6,"column":5},"end":{"line":25,"column":5}},"type":"cond-expr","locations":[{"start":{"line":7,"column":6},"end":{"line":22,"column":9}},{"start":{"line":24,"column":6},"end":{"line":24,"column":80}}],"line":6}},"s":{"0":0,"1":0,"2":0},"f":{"0":0,"1":0},"b":{"0":[0,0]}}
,"C:\\PruebasTecnicas\\velora-hr\\src\\features\\battle\\page\\BattlePage.jsx": {"path":"C:\\PruebasTecnicas\\velora-hr\\src\\features\\battle\\page\\BattlePage.jsx","statementMap":{"0":{"start":{"line":6,"column":19},"end":{"line":116,"column":1}},"1":{"start":{"line":7,"column":20},"end":{"line":7,"column":34}},"2":{"start":{"line":18,"column":6},"end":{"line":18,"column":22}},"3":{"start":{"line":20,"column":2},"end":{"line":20,"column":64}},"4":{"start":{"line":22,"column":28},"end":{"line":25,"column":3}},"5":{"start":{"line":23,"column":17},"end":{"line":23,"column":51}},"6":{"start":{"line":23,"column":35},"end":{"line":23,"column":50}},"7":{"start":{"line":24,"column":4},"end":{"line":24,"column":19}},"8":{"start":{"line":27,"column":28},"end":{"line":30,"column":3}},"9":{"start":{"line":28,"column":17},"end":{"line":28,"column":51}},"10":{"start":{"line":28,"column":35},"end":{"line":28,"column":50}},"11":{"start":{"line":29,"column":4},"end":{"line":29,"column":19}},"12":{"start":{"line":33,"column":4},"end":{"line":35,"column":53}},"13":{"start":{"line":37,"column":2},"end":{"line":115,"column":4}},"14":{"start":{"line":48,"column":29},"end":{"line":48,"column":62}},"15":{"start":{"line":56,"column":14},"end":{"line":62,"column":23}},"16":{"start":{"line":72,"column":29},"end":{"line":72,"column":62}},"17":{"start":{"line":80,"column":14},"end":{"line":86,"column":23}}},"fnMap":{"0":{"name":"(anonymous_0)","decl":{"start":{"line":6,"column":19},"end":{"line":6,"column":20}},"loc":{"start":{"line":6,"column":25},"end":{"line":116,"column":1}},"line":6},"1":{"name":"(anonymous_1)","decl":{"start":{"line":22,"column":28},"end":{"line":22,"column":29}},"loc":{"start":{"line":22,"column":40},"end":{"line":25,"column":3}},"line":22},"2":{"name":"(anonymous_2)","decl":{"start":{"line":23,"column":28},"end":{"line":23,"column":29}},"loc":{"start":{"line":23,"column":35},"end":{"line":23,"column":50}},"line":23},"3":{"name":"(anonymous_3)","decl":{"start":{"line":27,"column":28},"end":{"line":27,"column":29}},"loc":{"start":{"line":27,"column":40},"end":{"line":30,"column":3}},"line":27},"4":{"name":"(anonymous_4)","decl":{"start":{"line":28,"column":28},"end":{"line":28,"column":29}},"loc":{"start":{"line":28,"column":35},"end":{"line":28,"column":50}},"line":28},"5":{"name":"(anonymous_5)","decl":{"start":{"line":48,"column":22},"end":{"line":48,"column":23}},"loc":{"start":{"line":48,"column":29},"end":{"line":48,"column":62}},"line":48},"6":{"name":"(anonymous_6)","decl":{"start":{"line":55,"column":23},"end":{"line":55,"column":24}},"loc":{"start":{"line":56,"column":14},"end":{"line":62,"column":23}},"line":56},"7":{"name":"(anonymous_7)","decl":{"start":{"line":72,"column":22},"end":{"line":72,"column":23}},"loc":{"start":{"line":72,"column":29},"end":{"line":72,"column":62}},"line":72},"8":{"name":"(anonymous_8)","decl":{"start":{"line":79,"column":23},"end":{"line":79,"column":24}},"loc":{"start":{"line":80,"column":14},"end":{"line":86,"column":23}},"line":80}},"branchMap":{"0":{"loc":{"start":{"line":33,"column":4},"end":{"line":35,"column":53}},"type":"binary-expr","locations":[{"start":{"line":33,"column":4},"end":{"line":33,"column":24}},{"start":{"line":34,"column":4},"end":{"line":34,"column":24}},{"start":{"line":35,"column":4},"end":{"line":35,"column":53}}],"line":33},"1":{"loc":{"start":{"line":47,"column":19},"end":{"line":47,"column":48}},"type":"binary-expr","locations":[{"start":{"line":47,"column":19},"end":{"line":47,"column":42}},{"start":{"line":47,"column":46},"end":{"line":47,"column":48}}],"line":47},"2":{"loc":{"start":{"line":71,"column":19},"end":{"line":71,"column":48}},"type":"binary-expr","locations":[{"start":{"line":71,"column":19},"end":{"line":71,"column":42}},{"start":{"line":71,"column":46},"end":{"line":71,"column":48}}],"line":71}},"s":{"0":0,"1":0,"2":0,"3":0,"4":0,"5":0,"6":0,"7":0,"8":0,"9":0,"10":0,"11":0,"12":0,"13":0,"14":0,"15":0,"16":0,"17":0},"f":{"0":0,"1":0,"2":0,"3":0,"4":0,"5":0,"6":0,"7":0,"8":0},"b":{"0":[0,0,0],"1":[0,0],"2":[0,0]}}
,"C:\\PruebasTecnicas\\velora-hr\\src\\features\\battle\\utils\\battleEngine.js": {"path":"C:\\PruebasTecnicas\\velora-hr\\src\\features\\battle\\utils\\battleEngine.js","statementMap":{"0":{"start":{"line":2,"column":17},"end":{"line":2,"column":19}},"1":{"start":{"line":3,"column":15},"end":{"line":3,"column":16}},"2":{"start":{"line":4,"column":15},"end":{"line":4,"column":16}},"3":{"start":{"line":6,"column":2},"end":{"line":25,"column":3}},"4":{"start":{"line":7,"column":14},"end":{"line":7,"column":27}},"5":{"start":{"line":8,"column":14},"end":{"line":8,"column":27}},"6":{"start":{"line":12,"column":4},"end":{"line":16,"column":5}},"7":{"start":{"line":13,"column":6},"end":{"line":13,"column":60}},"8":{"start":{"line":15,"column":6},"end":{"line":15,"column":60}},"9":{"start":{"line":18,"column":4},"end":{"line":22,"column":7}},"10":{"start":{"line":24,"column":4},"end":{"line":24,"column":41}},"11":{"start":{"line":27,"column":17},"end":{"line":30,"column":3}},"12":{"start":{"line":32,"column":2},"end":{"line":32,"column":28}}},"fnMap":{"0":{"name":"battleEngine","decl":{"start":{"line":1,"column":16},"end":{"line":1,"column":28}},"loc":{"start":{"line":1,"column":43},"end":{"line":33,"column":1}},"line":1}},"branchMap":{"0":{"loc":{"start":{"line":6,"column":9},"end":{"line":6,"column":55}},"type":"binary-expr","locations":[{"start":{"line":6,"column":9},"end":{"line":6,"column":30}},{"start":{"line":6,"column":34},"end":{"line":6,"column":55}}],"line":6},"1":{"loc":{"start":{"line":12,"column":4},"end":{"line":16,"column":5}},"type":"if","locations":[{"start":{"line":12,"column":4},"end":{"line":16,"column":5}},{"start":{"line":14,"column":11},"end":{"line":16,"column":5}}],"line":12},"2":{"loc":{"start":{"line":13,"column":15},"end":{"line":13,"column":59}},"type":"cond-expr","locations":[{"start":{"line":13,"column":50},"end":{"line":13,"column":53}},{"start":{"line":13,"column":56},"end":{"line":13,"column":59}}],"line":13},"3":{"loc":{"start":{"line":15,"column":15},"end":{"line":15,"column":59}},"type":"cond-expr","locations":[{"start":{"line":15,"column":50},"end":{"line":15,"column":53}},{"start":{"line":15,"column":56},"end":{"line":15,"column":59}}],"line":15},"4":{"loc":{"start":{"line":24,"column":4},"end":{"line":24,"column":40}},"type":"cond-expr","locations":[{"start":{"line":24,"column":21},"end":{"line":24,"column":29}},{"start":{"line":24,"column":32},"end":{"line":24,"column":40}}],"line":24}},"s":{"0":0,"1":0,"2":0,"3":0,"4":0,"5":0,"6":0,"7":0,"8":0,"9":0,"10":0,"11":0,"12":0},"f":{"0":0},"b":{"0":[0,0],"1":[0,0],"2":[0,0],"3":[0,0],"4":[0,0]}}
,"C:\\PruebasTecnicas\\velora-hr\\src\\features\\pokemon\\api\\getPokemons.js": {"path":"C:\\PruebasTecnicas\\velora-hr\\src\\features\\pokemon\\api\\getPokemons.js","statementMap":{"0":{"start":{"line":2,"column":14},"end":{"line":4,"column":3}},"1":{"start":{"line":5,"column":15},"end":{"line":5,"column":31}},"2":{"start":{"line":7,"column":27},"end":{"line":25,"column":3}},"3":{"start":{"line":9,"column":18},"end":{"line":9,"column":42}},"4":{"start":{"line":10,"column":21},"end":{"line":10,"column":37}},"5":{"start":{"line":12,"column":6},"end":{"line":23,"column":8}},"6":{"start":{"line":16,"column":39},"end":{"line":16,"column":50}},"7":{"start":{"line":18,"column":43},"end":{"line":18,"column":67}},"8":{"start":{"line":19,"column":44},"end":{"line":19,"column":69}},"9":{"start":{"line":21,"column":42},"end":{"line":21,"column":65}},"10":{"start":{"line":27,"column":2},"end":{"line":27,"column":26}},"11":{"start":{"line":31,"column":14},"end":{"line":33,"column":3}},"12":{"start":{"line":35,"column":2},"end":{"line":37,"column":3}},"13":{"start":{"line":36,"column":4},"end":{"line":36,"column":41}},"14":{"start":{"line":39,"column":17},"end":{"line":39,"column":33}},"15":{"start":{"line":41,"column":2},"end":{"line":53,"column":4}},"16":{"start":{"line":46,"column":37},"end":{"line":46,"column":48}},"17":{"start":{"line":48,"column":41},"end":{"line":48,"column":65}},"18":{"start":{"line":49,"column":42},"end":{"line":49,"column":67}},"19":{"start":{"line":50,"column":40},"end":{"line":50,"column":63}}},"fnMap":{"0":{"name":"fetchPokemonPage","decl":{"start":{"line":1,"column":22},"end":{"line":1,"column":38}},"loc":{"start":{"line":1,"column":54},"end":{"line":28,"column":1}},"line":1},"1":{"name":"(anonymous_1)","decl":{"start":{"line":8,"column":21},"end":{"line":8,"column":22}},"loc":{"start":{"line":8,"column":40},"end":{"line":24,"column":5}},"line":8},"2":{"name":"(anonymous_2)","decl":{"start":{"line":16,"column":32},"end":{"line":16,"column":33}},"loc":{"start":{"line":16,"column":39},"end":{"line":16,"column":50}},"line":16},"3":{"name":"(anonymous_3)","decl":{"start":{"line":18,"column":36},"end":{"line":18,"column":37}},"loc":{"start":{"line":18,"column":43},"end":{"line":18,"column":67}},"line":18},"4":{"name":"(anonymous_4)","decl":{"start":{"line":19,"column":37},"end":{"line":19,"column":38}},"loc":{"start":{"line":19,"column":44},"end":{"line":19,"column":69}},"line":19},"5":{"name":"(anonymous_5)","decl":{"start":{"line":21,"column":35},"end":{"line":21,"column":36}},"loc":{"start":{"line":21,"column":42},"end":{"line":21,"column":65}},"line":21},"6":{"name":"fetchPokemonByName","decl":{"start":{"line":30,"column":22},"end":{"line":30,"column":40}},"loc":{"start":{"line":30,"column":47},"end":{"line":54,"column":1}},"line":30},"7":{"name":"(anonymous_7)","decl":{"start":{"line":46,"column":30},"end":{"line":46,"column":31}},"loc":{"start":{"line":46,"column":37},"end":{"line":46,"column":48}},"line":46},"8":{"name":"(anonymous_8)","decl":{"start":{"line":48,"column":34},"end":{"line":48,"column":35}},"loc":{"start":{"line":48,"column":41},"end":{"line":48,"column":65}},"line":48},"9":{"name":"(anonymous_9)","decl":{"start":{"line":49,"column":35},"end":{"line":49,"column":36}},"loc":{"start":{"line":49,"column":42},"end":{"line":49,"column":67}},"line":49},"10":{"name":"(anonymous_10)","decl":{"start":{"line":50,"column":33},"end":{"line":50,"column":34}},"loc":{"start":{"line":50,"column":40},"end":{"line":50,"column":63}},"line":50}},"branchMap":{"0":{"loc":{"start":{"line":35,"column":2},"end":{"line":37,"column":3}},"type":"if","locations":[{"start":{"line":35,"column":2},"end":{"line":37,"column":3}},{"start":{},"end":{}}],"line":35}},"s":{"0":0,"1":0,"2":0,"3":0,"4":0,"5":0,"6":0,"7":0,"8":0,"9":0,"10":0,"11":0,"12":0,"13":0,"14":0,"15":0,"16":0,"17":0,"18":0,"19":0},"f":{"0":0,"1":0,"2":0,"3":0,"4":0,"5":0,"6":0,"7":0,"8":0,"9":0,"10":0},"b":{"0":[0,0]}}
,"C:\\PruebasTecnicas\\velora-hr\\src\\features\\pokemon\\api\\getTypes.js": {"path":"C:\\PruebasTecnicas\\velora-hr\\src\\features\\pokemon\\api\\getTypes.js","statementMap":{"0":{"start":{"line":2,"column":14},"end":{"line":2,"column":59}},"1":{"start":{"line":4,"column":2},"end":{"line":6,"column":3}},"2":{"start":{"line":5,"column":4},"end":{"line":5,"column":45}},"3":{"start":{"line":8,"column":15},"end":{"line":8,"column":31}},"4":{"start":{"line":10,"column":2},"end":{"line":13,"column":6}},"5":{"start":{"line":10,"column":37},"end":{"line":13,"column":3}},"6":{"start":{"line":17,"column":14},"end":{"line":17,"column":34}},"7":{"start":{"line":19,"column":2},"end":{"line":21,"column":3}},"8":{"start":{"line":20,"column":4},"end":{"line":20,"column":41}},"9":{"start":{"line":23,"column":15},"end":{"line":23,"column":31}},"10":{"start":{"line":25,"column":27},"end":{"line":43,"column":3}},"11":{"start":{"line":27,"column":18},"end":{"line":27,"column":47}},"12":{"start":{"line":28,"column":21},"end":{"line":28,"column":37}},"13":{"start":{"line":30,"column":6},"end":{"line":41,"column":8}},"14":{"start":{"line":34,"column":39},"end":{"line":34,"column":50}},"15":{"start":{"line":36,"column":43},"end":{"line":36,"column":67}},"16":{"start":{"line":37,"column":44},"end":{"line":37,"column":69}},"17":{"start":{"line":39,"column":42},"end":{"line":39,"column":65}},"18":{"start":{"line":45,"column":2},"end":{"line":45,"column":26}}},"fnMap":{"0":{"name":"fetchTypes","decl":{"start":{"line":1,"column":22},"end":{"line":1,"column":32}},"loc":{"start":{"line":1,"column":35},"end":{"line":14,"column":1}},"line":1},"1":{"name":"(anonymous_1)","decl":{"start":{"line":10,"column":26},"end":{"line":10,"column":27}},"loc":{"start":{"line":10,"column":37},"end":{"line":13,"column":3}},"line":10},"2":{"name":"fetchPokemonByType","decl":{"start":{"line":16,"column":22},"end":{"line":16,"column":40}},"loc":{"start":{"line":16,"column":50},"end":{"line":46,"column":1}},"line":16},"3":{"name":"(anonymous_3)","decl":{"start":{"line":26,"column":21},"end":{"line":26,"column":22}},"loc":{"start":{"line":26,"column":37},"end":{"line":42,"column":5}},"line":26},"4":{"name":"(anonymous_4)","decl":{"start":{"line":34,"column":32},"end":{"line":34,"column":33}},"loc":{"start":{"line":34,"column":39},"end":{"line":34,"column":50}},"line":34},"5":{"name":"(anonymous_5)","decl":{"start":{"line":36,"column":36},"end":{"line":36,"column":37}},"loc":{"start":{"line":36,"column":43},"end":{"line":36,"column":67}},"line":36},"6":{"name":"(anonymous_6)","decl":{"start":{"line":37,"column":37},"end":{"line":37,"column":38}},"loc":{"start":{"line":37,"column":44},"end":{"line":37,"column":69}},"line":37},"7":{"name":"(anonymous_7)","decl":{"start":{"line":39,"column":35},"end":{"line":39,"column":36}},"loc":{"start":{"line":39,"column":42},"end":{"line":39,"column":65}},"line":39}},"branchMap":{"0":{"loc":{"start":{"line":4,"column":2},"end":{"line":6,"column":3}},"type":"if","locations":[{"start":{"line":4,"column":2},"end":{"line":6,"column":3}},{"start":{},"end":{}}],"line":4},"1":{"loc":{"start":{"line":19,"column":2},"end":{"line":21,"column":3}},"type":"if","locations":[{"start":{"line":19,"column":2},"end":{"line":21,"column":3}},{"start":{},"end":{}}],"line":19}},"s":{"0":0,"1":0,"2":0,"3":0,"4":0,"5":0,"6":0,"7":0,"8":0,"9":0,"10":0,"11":0,"12":0,"13":0,"14":0,"15":0,"16":0,"17":0,"18":0},"f":{"0":0,"1":0,"2":0,"3":0,"4":0,"5":0,"6":0,"7":0},"b":{"0":[0,0],"1":[0,0]}}
,"C:\\PruebasTecnicas\\velora-hr\\src\\features\\pokemon\\components\\PokemonCard.jsx": {"path":"C:\\PruebasTecnicas\\velora-hr\\src\\features\\pokemon\\components\\PokemonCard.jsx","statementMap":{"0":{"start":{"line":5,"column":27},"end":{"line":8,"column":1}},"1":{"start":{"line":10,"column":20},"end":{"line":66,"column":1}},"2":{"start":{"line":11,"column":19},"end":{"line":11,"column":37}},"3":{"start":{"line":12,"column":40},"end":{"line":12,"column":54}},"4":{"start":{"line":14,"column":21},"end":{"line":14,"column":72}},"5":{"start":{"line":16,"column":2},"end":{"line":65,"column":4}},"6":{"start":{"line":50,"column":25},"end":{"line":50,"column":44}},"7":{"start":{"line":58,"column":25},"end":{"line":58,"column":50}}},"fnMap":{"0":{"name":"(anonymous_0)","decl":{"start":{"line":10,"column":20},"end":{"line":10,"column":21}},"loc":{"start":{"line":10,"column":43},"end":{"line":66,"column":1}},"line":10},"1":{"name":"(anonymous_1)","decl":{"start":{"line":50,"column":19},"end":{"line":50,"column":20}},"loc":{"start":{"line":50,"column":25},"end":{"line":50,"column":44}},"line":50},"2":{"name":"(anonymous_2)","decl":{"start":{"line":58,"column":19},"end":{"line":58,"column":20}},"loc":{"start":{"line":58,"column":25},"end":{"line":58,"column":50}},"line":58}},"branchMap":{"0":{"loc":{"start":{"line":14,"column":21},"end":{"line":14,"column":72}},"type":"binary-expr","locations":[{"start":{"line":14,"column":21},"end":{"line":14,"column":50}},{"start":{"line":14,"column":54},"end":{"line":14,"column":72}}],"line":14},"1":{"loc":{"start":{"line":48,"column":7},"end":{"line":55,"column":7}},"type":"binary-expr","locations":[{"start":{"line":48,"column":7},"end":{"line":48,"column":24}},{"start":{"line":49,"column":8},"end":{"line":54,"column":17}}],"line":48},"2":{"loc":{"start":{"line":56,"column":7},"end":{"line":63,"column":7}},"type":"binary-expr","locations":[{"start":{"line":56,"column":7},"end":{"line":56,"column":28}},{"start":{"line":57,"column":8},"end":{"line":62,"column":17}}],"line":56}},"s":{"0":0,"1":0,"2":0,"3":0,"4":0,"5":0,"6":0,"7":0},"f":{"0":0,"1":0,"2":0},"b":{"0":[0,0],"1":[0,0],"2":[0,0]}}
,"C:\\PruebasTecnicas\\velora-hr\\src\\features\\pokemon\\components\\Select.jsx": {"path":"C:\\PruebasTecnicas\\velora-hr\\src\\features\\pokemon\\components\\Select.jsx","statementMap":{"0":{"start":{"line":1,"column":15},"end":{"line":35,"column":1}},"1":{"start":{"line":9,"column":2},"end":{"line":9,"column":23}},"2":{"start":{"line":10,"column":2},"end":{"line":34,"column":4}},"3":{"start":{"line":18,"column":25},"end":{"line":18,"column":49}},"4":{"start":{"line":28,"column":10},"end":{"line":30,"column":19}}},"fnMap":{"0":{"name":"(anonymous_0)","decl":{"start":{"line":1,"column":15},"end":{"line":1,"column":16}},"loc":{"start":{"line":8,"column":6},"end":{"line":35,"column":1}},"line":8},"1":{"name":"(anonymous_1)","decl":{"start":{"line":18,"column":18},"end":{"line":18,"column":19}},"loc":{"start":{"line":18,"column":25},"end":{"line":18,"column":49}},"line":18},"2":{"name":"(anonymous_2)","decl":{"start":{"line":27,"column":21},"end":{"line":27,"column":22}},"loc":{"start":{"line":28,"column":10},"end":{"line":30,"column":19}},"line":28}},"branchMap":{"0":{"loc":{"start":{"line":7,"column":2},"end":{"line":7,"column":16}},"type":"default-arg","locations":[{"start":{"line":7,"column":14},"end":{"line":7,"column":16}}],"line":7},"1":{"loc":{"start":{"line":12,"column":7},"end":{"line":14,"column":7}},"type":"binary-expr","locations":[{"start":{"line":12,"column":7},"end":{"line":12,"column":12}},{"start":{"line":13,"column":8},"end":{"line":13,"column":73}}],"line":12},"2":{"loc":{"start":{"line":21,"column":9},"end":{"line":25,"column":9}},"type":"binary-expr","locations":[{"start":{"line":21,"column":9},"end":{"line":21,"column":20}},{"start":{"line":22,"column":10},"end":{"line":24,"column":19}}],"line":21}},"s":{"0":0,"1":0,"2":0,"3":0,"4":0},"f":{"0":0,"1":0,"2":0},"b":{"0":[0],"1":[0,0],"2":[0,0]}}
,"C:\\PruebasTecnicas\\velora-hr\\src\\features\\pokemon\\hooks\\usePokemons.js": {"path":"C:\\PruebasTecnicas\\velora-hr\\src\\features\\pokemon\\hooks\\usePokemons.js","statementMap":{"0":{"start":{"line":6,"column":14},"end":{"line":6,"column":16}},"1":{"start":{"line":8,"column":20},"end":{"line":45,"column":1}},"2":{"start":{"line":9,"column":20},"end":{"line":15,"column":4}},"3":{"start":{"line":11,"column":36},"end":{"line":11,"column":78}},"4":{"start":{"line":13,"column":6},"end":{"line":13,"column":59}},"5":{"start":{"line":17,"column":22},"end":{"line":22,"column":4}},"6":{"start":{"line":19,"column":19},"end":{"line":19,"column":43}},"7":{"start":{"line":24,"column":20},"end":{"line":28,"column":4}},"8":{"start":{"line":26,"column":19},"end":{"line":26,"column":46}},"9":{"start":{"line":30,"column":19},"end":{"line":34,"column":3}},"10":{"start":{"line":36,"column":22},"end":{"line":36,"column":36}},"11":{"start":{"line":38,"column":2},"end":{"line":44,"column":4}}},"fnMap":{"0":{"name":"(anonymous_0)","decl":{"start":{"line":8,"column":20},"end":{"line":8,"column":21}},"loc":{"start":{"line":8,"column":49},"end":{"line":45,"column":1}},"line":8},"1":{"name":"(anonymous_1)","decl":{"start":{"line":11,"column":13},"end":{"line":11,"column":14}},"loc":{"start":{"line":11,"column":36},"end":{"line":11,"column":78}},"line":11},"2":{"name":"(anonymous_2)","decl":{"start":{"line":12,"column":22},"end":{"line":12,"column":23}},"loc":{"start":{"line":13,"column":6},"end":{"line":13,"column":59}},"line":13},"3":{"name":"(anonymous_3)","decl":{"start":{"line":19,"column":13},"end":{"line":19,"column":14}},"loc":{"start":{"line":19,"column":19},"end":{"line":19,"column":43}},"line":19},"4":{"name":"(anonymous_4)","decl":{"start":{"line":26,"column":13},"end":{"line":26,"column":14}},"loc":{"start":{"line":26,"column":19},"end":{"line":26,"column":46}},"line":26}},"branchMap":{"0":{"loc":{"start":{"line":11,"column":16},"end":{"line":11,"column":29}},"type":"default-arg","locations":[{"start":{"line":11,"column":28},"end":{"line":11,"column":29}}],"line":11},"1":{"loc":{"start":{"line":13,"column":6},"end":{"line":13,"column":59}},"type":"cond-expr","locations":[{"start":{"line":13,"column":32},"end":{"line":13,"column":41}},{"start":{"line":13,"column":44},"end":{"line":13,"column":59}}],"line":13}},"s":{"0":0,"1":0,"2":0,"3":0,"4":0,"5":0,"6":0,"7":0,"8":0,"9":0,"10":0,"11":0},"f":{"0":0,"1":0,"2":0,"3":0,"4":0},"b":{"0":[0],"1":[0,0]}}
,"C:\\PruebasTecnicas\\velora-hr\\src\\features\\pokemon\\hooks\\useTypes.js": {"path":"C:\\PruebasTecnicas\\velora-hr\\src\\features\\pokemon\\hooks\\useTypes.js","statementMap":{"0":{"start":{"line":4,"column":17},"end":{"line":11,"column":1}},"1":{"start":{"line":5,"column":2},"end":{"line":10,"column":5}}},"fnMap":{"0":{"name":"(anonymous_0)","decl":{"start":{"line":4,"column":17},"end":{"line":4,"column":18}},"loc":{"start":{"line":4,"column":23},"end":{"line":11,"column":1}},"line":4}},"branchMap":{},"s":{"0":0,"1":0},"f":{"0":0},"b":{}}
,"C:\\PruebasTecnicas\\velora-hr\\src\\features\\pokemon\\page\\PokemonPage.jsx": {"path":"C:\\PruebasTecnicas\\velora-hr\\src\\features\\pokemon\\page\\PokemonPage.jsx","statementMap":{"0":{"start":{"line":8,"column":20},"end":{"line":116,"column":1}},"1":{"start":{"line":19,"column":6},"end":{"line":19,"column":23}},"2":{"start":{"line":21,"column":24},"end":{"line":25,"column":4}},"3":{"start":{"line":27,"column":19},"end":{"line":27,"column":29}},"4":{"start":{"line":29,"column":25},"end":{"line":29,"column":54}},"5":{"start":{"line":31,"column":19},"end":{"line":33,"column":38}},"6":{"start":{"line":35,"column":23},"end":{"line":38,"column":3}},"7":{"start":{"line":36,"column":4},"end":{"line":36,"column":20}},"8":{"start":{"line":37,"column":4},"end":{"line":37,"column":24}},"9":{"start":{"line":40,"column":27},"end":{"line":43,"column":3}},"10":{"start":{"line":41,"column":4},"end":{"line":41,"column":29}},"11":{"start":{"line":42,"column":4},"end":{"line":42,"column":18}},"12":{"start":{"line":45,"column":22},"end":{"line":47,"column":3}},"13":{"start":{"line":46,"column":4},"end":{"line":46,"column":19}},"14":{"start":{"line":49,"column":2},"end":{"line":50,"column":56}},"15":{"start":{"line":50,"column":4},"end":{"line":50,"column":56}},"16":{"start":{"line":51,"column":2},"end":{"line":52,"column":70}},"17":{"start":{"line":52,"column":4},"end":{"line":52,"column":70}},"18":{"start":{"line":54,"column":2},"end":{"line":115,"column":4}},"19":{"start":{"line":65,"column":31},"end":{"line":65,"column":61}},"20":{"start":{"line":88,"column":37},"end":{"line":88,"column":74}},"21":{"start":{"line":101,"column":10},"end":{"line":101,"column":72}},"22":{"start":{"line":107,"column":25},"end":{"line":107,"column":54}}},"fnMap":{"0":{"name":"(anonymous_0)","decl":{"start":{"line":8,"column":20},"end":{"line":8,"column":21}},"loc":{"start":{"line":8,"column":34},"end":{"line":116,"column":1}},"line":8},"1":{"name":"(anonymous_1)","decl":{"start":{"line":35,"column":23},"end":{"line":35,"column":24}},"loc":{"start":{"line":35,"column":29},"end":{"line":38,"column":3}},"line":35},"2":{"name":"(anonymous_2)","decl":{"start":{"line":40,"column":27},"end":{"line":40,"column":28}},"loc":{"start":{"line":40,"column":40},"end":{"line":43,"column":3}},"line":40},"3":{"name":"(anonymous_3)","decl":{"start":{"line":45,"column":22},"end":{"line":45,"column":23}},"loc":{"start":{"line":45,"column":28},"end":{"line":47,"column":3}},"line":45},"4":{"name":"(anonymous_4)","decl":{"start":{"line":65,"column":24},"end":{"line":65,"column":25}},"loc":{"start":{"line":65,"column":31},"end":{"line":65,"column":61}},"line":65},"5":{"name":"(anonymous_5)","decl":{"start":{"line":88,"column":26},"end":{"line":88,"column":27}},"loc":{"start":{"line":88,"column":37},"end":{"line":88,"column":74}},"line":88},"6":{"name":"(anonymous_6)","decl":{"start":{"line":100,"column":23},"end":{"line":100,"column":24}},"loc":{"start":{"line":101,"column":10},"end":{"line":101,"column":72}},"line":101},"7":{"name":"(anonymous_7)","decl":{"start":{"line":107,"column":19},"end":{"line":107,"column":20}},"loc":{"start":{"line":107,"column":25},"end":{"line":107,"column":54}},"line":107}},"branchMap":{"0":{"loc":{"start":{"line":22,"column":10},"end":{"line":22,"column":64}},"type":"cond-expr","locations":[{"start":{"line":22,"column":25},"end":{"line":22,"column":31}},{"start":{"line":22,"column":34},"end":{"line":22,"column":64}}],"line":22},"1":{"loc":{"start":{"line":22,"column":34},"end":{"line":22,"column":64}},"type":"cond-expr","locations":[{"start":{"line":22,"column":47},"end":{"line":22,"column":55}},{"start":{"line":22,"column":58},"end":{"line":22,"column":64}}],"line":22},"2":{"loc":{"start":{"line":29,"column":25},"end":{"line":29,"column":54}},"type":"binary-expr","locations":[{"start":{"line":29,"column":25},"end":{"line":29,"column":38}},{"start":{"line":29,"column":42},"end":{"line":29,"column":54}}],"line":29},"3":{"loc":{"start":{"line":31,"column":19},"end":{"line":33,"column":38}},"type":"cond-expr","locations":[{"start":{"line":32,"column":6},"end":{"line":32,"column":24}},{"start":{"line":33,"column":6},"end":{"line":33,"column":38}}],"line":31},"4":{"loc":{"start":{"line":49,"column":2},"end":{"line":50,"column":56}},"type":"if","locations":[{"start":{"line":49,"column":2},"end":{"line":50,"column":56}},{"start":{},"end":{}}],"line":49},"5":{"loc":{"start":{"line":51,"column":2},"end":{"line":52,"column":70}},"type":"if","locations":[{"start":{"line":51,"column":2},"end":{"line":52,"column":70}},{"start":{},"end":{}}],"line":51},"6":{"loc":{"start":{"line":75,"column":13},"end":{"line":82,"column":13}},"type":"binary-expr","locations":[{"start":{"line":75,"column":13},"end":{"line":75,"column":27}},{"start":{"line":76,"column":14},"end":{"line":81,"column":23}}],"line":75},"7":{"loc":{"start":{"line":88,"column":16},"end":{"line":89,"column":18}},"type":"binary-expr","locations":[{"start":{"line":88,"column":16},"end":{"line":88,"column":76}},{"start":{"line":89,"column":16},"end":{"line":89,"column":18}}],"line":88},"8":{"loc":{"start":{"line":105,"column":7},"end":{"line":113,"column":7}},"type":"binary-expr","locations":[{"start":{"line":105,"column":7},"end":{"line":105,"column":22}},{"start":{"line":105,"column":26},"end":{"line":105,"column":51}},{"start":{"line":106,"column":8},"end":{"line":112,"column":17}}],"line":105},"9":{"loc":{"start":{"line":111,"column":11},"end":{"line":111,"column":71}},"type":"cond-expr","locations":[{"start":{"line":111,"column":46},"end":{"line":111,"column":59}},{"start":{"line":111,"column":62},"end":{"line":111,"column":71}}],"line":111}},"s":{"0":0,"1":0,"2":0,"3":0,"4":0,"5":0,"6":0,"7":0,"8":0,"9":0,"10":0,"11":0,"12":0,"13":0,"14":0,"15":0,"16":0,"17":0,"18":0,"19":0,"20":0,"21":0,"22":0},"f":{"0":0,"1":0,"2":0,"3":0,"4":0,"5":0,"6":0,"7":0},"b":{"0":[0,0],"1":[0,0],"2":[0,0],"3":[0,0],"4":[0,0],"5":[0,0],"6":[0,0],"7":[0,0],"8":[0,0,0],"9":[0,0]}}
,"C:\\PruebasTecnicas\\velora-hr\\src\\features\\pokemon\\utils\\pokemonTypeStyles.js": {"path":"C:\\PruebasTecnicas\\velora-hr\\src\\features\\pokemon\\utils\\pokemonTypeStyles.js","statementMap":{"0":{"start":{"line":1,"column":35},"end":{"line":74,"column":1}},"1":{"start":{"line":76,"column":26},"end":{"line":80,"column":1}}},"fnMap":{},"branchMap":{},"s":{"0":0,"1":0},"f":{},"b":{}}
,"C:\\PruebasTecnicas\\velora-hr\\src\\features\\teams\\components\\SorrtablePokemonCard.jsx": {"path":"C:\\PruebasTecnicas\\velora-hr\\src\\features\\teams\\components\\SorrtablePokemonCard.jsx","statementMap":{"0":{"start":{"line":4,"column":28},"end":{"line":26,"column":1}},"1":{"start":{"line":12,"column":6},"end":{"line":12,"column":25}},"2":{"start":{"line":14,"column":16},"end":{"line":19,"column":3}},"3":{"start":{"line":21,"column":2},"end":{"line":25,"column":4}}},"fnMap":{"0":{"name":"(anonymous_0)","decl":{"start":{"line":4,"column":28},"end":{"line":4,"column":29}},"loc":{"start":{"line":4,"column":50},"end":{"line":26,"column":1}},"line":4}},"branchMap":{"0":{"loc":{"start":{"line":17,"column":13},"end":{"line":17,"column":33}},"type":"cond-expr","locations":[{"start":{"line":17,"column":26},"end":{"line":17,"column":29}},{"start":{"line":17,"column":32},"end":{"line":17,"column":33}}],"line":17}},"s":{"0":0,"1":0,"2":0,"3":0},"f":{"0":0},"b":{"0":[0,0]}}
,"C:\\PruebasTecnicas\\velora-hr\\src\\features\\teams\\components\\TeamPokemonList.jsx": {"path":"C:\\PruebasTecnicas\\velora-hr\\src\\features\\teams\\components\\TeamPokemonList.jsx","statementMap":{"0":{"start":{"line":11,"column":24},"end":{"line":43,"column":1}},"1":{"start":{"line":12,"column":26},"end":{"line":12,"column":64}},"2":{"start":{"line":12,"column":46},"end":{"line":12,"column":63}},"3":{"start":{"line":14,"column":24},"end":{"line":25,"column":3}},"4":{"start":{"line":15,"column":29},"end":{"line":15,"column":34}},"5":{"start":{"line":17,"column":4},"end":{"line":17,"column":47}},"6":{"start":{"line":17,"column":40},"end":{"line":17,"column":47}},"7":{"start":{"line":19,"column":21},"end":{"line":19,"column":66}},"8":{"start":{"line":19,"column":47},"end":{"line":19,"column":65}},"9":{"start":{"line":20,"column":21},"end":{"line":20,"column":64}},"10":{"start":{"line":20,"column":47},"end":{"line":20,"column":63}},"11":{"start":{"line":22,"column":21},"end":{"line":22,"column":60}},"12":{"start":{"line":24,"column":4},"end":{"line":24,"column":38}},"13":{"start":{"line":27,"column":2},"end":{"line":42,"column":4}},"14":{"start":{"line":30,"column":35},"end":{"line":30,"column":39}},"15":{"start":{"line":35,"column":12},"end":{"line":37,"column":34}}},"fnMap":{"0":{"name":"(anonymous_0)","decl":{"start":{"line":11,"column":24},"end":{"line":11,"column":25}},"loc":{"start":{"line":11,"column":50},"end":{"line":43,"column":1}},"line":11},"1":{"name":"(anonymous_1)","decl":{"start":{"line":12,"column":39},"end":{"line":12,"column":40}},"loc":{"start":{"line":12,"column":46},"end":{"line":12,"column":63}},"line":12},"2":{"name":"(anonymous_2)","decl":{"start":{"line":14,"column":24},"end":{"line":14,"column":25}},"loc":{"start":{"line":14,"column":35},"end":{"line":25,"column":3}},"line":14},"3":{"name":"(anonymous_3)","decl":{"start":{"line":19,"column":40},"end":{"line":19,"column":41}},"loc":{"start":{"line":19,"column":47},"end":{"line":19,"column":65}},"line":19},"4":{"name":"(anonymous_4)","decl":{"start":{"line":20,"column":40},"end":{"line":20,"column":41}},"loc":{"start":{"line":20,"column":47},"end":{"line":20,"column":63}},"line":20},"5":{"name":"(anonymous_5)","decl":{"start":{"line":30,"column":28},"end":{"line":30,"column":29}},"loc":{"start":{"line":30,"column":35},"end":{"line":30,"column":39}},"line":30},"6":{"name":"(anonymous_6)","decl":{"start":{"line":34,"column":24},"end":{"line":34,"column":25}},"loc":{"start":{"line":35,"column":12},"end":{"line":37,"column":34}},"line":35}},"branchMap":{"0":{"loc":{"start":{"line":17,"column":4},"end":{"line":17,"column":47}},"type":"if","locations":[{"start":{"line":17,"column":4},"end":{"line":17,"column":47}},{"start":{},"end":{}}],"line":17},"1":{"loc":{"start":{"line":17,"column":8},"end":{"line":17,"column":38}},"type":"binary-expr","locations":[{"start":{"line":17,"column":8},"end":{"line":17,"column":13}},{"start":{"line":17,"column":17},"end":{"line":17,"column":38}}],"line":17}},"s":{"0":0,"1":0,"2":0,"3":0,"4":0,"5":0,"6":0,"7":0,"8":0,"9":0,"10":0,"11":0,"12":0,"13":0,"14":0,"15":0},"f":{"0":0,"1":0,"2":0,"3":0,"4":0,"5":0,"6":0},"b":{"0":[0,0],"1":[0,0]}}
,"C:\\PruebasTecnicas\\velora-hr\\src\\features\\teams\\components\\TeamsCompoent.jsx": {"path":"C:\\PruebasTecnicas\\velora-hr\\src\\features\\teams\\components\\TeamsCompoent.jsx","statementMap":{"0":{"start":{"line":9,"column":22},"end":{"line":58,"column":1}},"1":{"start":{"line":10,"column":43},"end":{"line":10,"column":57}},"2":{"start":{"line":11,"column":2},"end":{"line":57,"column":4}},"3":{"start":{"line":16,"column":12},"end":{"line":50,"column":18}},"4":{"start":{"line":27,"column":22},"end":{"line":27,"column":68}},"5":{"start":{"line":34,"column":35},"end":{"line":34,"column":79}},"6":{"start":{"line":40,"column":35},"end":{"line":40,"column":77}}},"fnMap":{"0":{"name":"(anonymous_0)","decl":{"start":{"line":9,"column":22},"end":{"line":9,"column":23}},"loc":{"start":{"line":9,"column":28},"end":{"line":58,"column":1}},"line":9},"1":{"name":"(anonymous_1)","decl":{"start":{"line":15,"column":21},"end":{"line":15,"column":22}},"loc":{"start":{"line":16,"column":12},"end":{"line":50,"column":18}},"line":16},"2":{"name":"(anonymous_2)","decl":{"start":{"line":26,"column":29},"end":{"line":26,"column":30}},"loc":{"start":{"line":27,"column":22},"end":{"line":27,"column":68}},"line":27},"3":{"name":"(anonymous_3)","decl":{"start":{"line":34,"column":29},"end":{"line":34,"column":30}},"loc":{"start":{"line":34,"column":35},"end":{"line":34,"column":79}},"line":34},"4":{"name":"(anonymous_4)","decl":{"start":{"line":40,"column":29},"end":{"line":40,"column":30}},"loc":{"start":{"line":40,"column":35},"end":{"line":40,"column":77}},"line":40}},"branchMap":{"0":{"loc":{"start":{"line":13,"column":7},"end":{"line":55,"column":7}},"type":"cond-expr","locations":[{"start":{"line":14,"column":8},"end":{"line":52,"column":14}},{"start":{"line":54,"column":8},"end":{"line":54,"column":79}}],"line":13}},"s":{"0":0,"1":0,"2":0,"3":0,"4":0,"5":0,"6":0},"f":{"0":0,"1":0,"2":0,"3":0,"4":0},"b":{"0":[0,0]}}
,"C:\\PruebasTecnicas\\velora-hr\\src\\features\\teams\\page\\CreateTeamPage.jsx": {"path":"C:\\PruebasTecnicas\\velora-hr\\src\\features\\teams\\page\\CreateTeamPage.jsx","statementMap":{"0":{"start":{"line":7,"column":23},"end":{"line":88,"column":1}},"1":{"start":{"line":8,"column":17},"end":{"line":8,"column":30}},"2":{"start":{"line":17,"column":6},"end":{"line":17,"column":20}},"3":{"start":{"line":19,"column":20},"end":{"line":24,"column":3}},"4":{"start":{"line":20,"column":16},"end":{"line":20,"column":26}},"5":{"start":{"line":21,"column":4},"end":{"line":23,"column":5}},"6":{"start":{"line":22,"column":6},"end":{"line":22,"column":32}},"7":{"start":{"line":26,"column":2},"end":{"line":32,"column":9}},"8":{"start":{"line":27,"column":4},"end":{"line":31,"column":5}},"9":{"start":{"line":28,"column":6},"end":{"line":28,"column":18}},"10":{"start":{"line":30,"column":6},"end":{"line":30,"column":21}},"11":{"start":{"line":34,"column":2},"end":{"line":36,"column":20}},"12":{"start":{"line":35,"column":4},"end":{"line":35,"column":16}},"13":{"start":{"line":38,"column":2},"end":{"line":87,"column":4}},"14":{"start":{"line":54,"column":31},"end":{"line":54,"column":58}},"15":{"start":{"line":71,"column":16},"end":{"line":75,"column":18}}},"fnMap":{"0":{"name":"(anonymous_0)","decl":{"start":{"line":7,"column":23},"end":{"line":7,"column":24}},"loc":{"start":{"line":7,"column":29},"end":{"line":88,"column":1}},"line":7},"1":{"name":"(anonymous_1)","decl":{"start":{"line":19,"column":20},"end":{"line":19,"column":21}},"loc":{"start":{"line":19,"column":26},"end":{"line":24,"column":3}},"line":19},"2":{"name":"(anonymous_2)","decl":{"start":{"line":26,"column":12},"end":{"line":26,"column":13}},"loc":{"start":{"line":26,"column":18},"end":{"line":32,"column":3}},"line":26},"3":{"name":"(anonymous_3)","decl":{"start":{"line":34,"column":12},"end":{"line":34,"column":13}},"loc":{"start":{"line":34,"column":18},"end":{"line":36,"column":3}},"line":34},"4":{"name":"(anonymous_4)","decl":{"start":{"line":54,"column":24},"end":{"line":54,"column":25}},"loc":{"start":{"line":54,"column":31},"end":{"line":54,"column":58}},"line":54},"5":{"name":"(anonymous_5)","decl":{"start":{"line":70,"column":40},"end":{"line":70,"column":41}},"loc":{"start":{"line":71,"column":16},"end":{"line":75,"column":18}},"line":71}},"branchMap":{"0":{"loc":{"start":{"line":21,"column":4},"end":{"line":23,"column":5}},"type":"if","locations":[{"start":{"line":21,"column":4},"end":{"line":23,"column":5}},{"start":{},"end":{}}],"line":21},"1":{"loc":{"start":{"line":27,"column":4},"end":{"line":31,"column":5}},"type":"if","locations":[{"start":{"line":27,"column":4},"end":{"line":31,"column":5}},{"start":{"line":29,"column":11},"end":{"line":31,"column":5}}],"line":27},"2":{"loc":{"start":{"line":68,"column":11},"end":{"line":80,"column":11}},"type":"cond-expr","locations":[{"start":{"line":69,"column":12},"end":{"line":77,"column":18}},{"start":{"line":79,"column":12},"end":{"line":79,"column":75}}],"line":68}},"s":{"0":0,"1":0,"2":0,"3":0,"4":0,"5":0,"6":0,"7":0,"8":0,"9":0,"10":0,"11":0,"12":0,"13":0,"14":0,"15":0},"f":{"0":0,"1":0,"2":0,"3":0,"4":0,"5":0},"b":{"0":[0,0],"1":[0,0],"2":[0,0]}}
,"C:\\PruebasTecnicas\\velora-hr\\src\\features\\teams\\page\\TeamsPage.jsx": {"path":"C:\\PruebasTecnicas\\velora-hr\\src\\features\\teams\\page\\TeamsPage.jsx","statementMap":{"0":{"start":{"line":4,"column":18},"end":{"line":21,"column":1}},"1":{"start":{"line":5,"column":2},"end":{"line":20,"column":4}}},"fnMap":{"0":{"name":"(anonymous_0)","decl":{"start":{"line":4,"column":18},"end":{"line":4,"column":19}},"loc":{"start":{"line":4,"column":24},"end":{"line":21,"column":1}},"line":4}},"branchMap":{},"s":{"0":0,"1":0},"f":{"0":0},"b":{}}
,"C:\\PruebasTecnicas\\velora-hr\\src\\features\\teams\\utils\\oderPokemons.js": {"path":"C:\\PruebasTecnicas\\velora-hr\\src\\features\\teams\\utils\\oderPokemons.js","statementMap":{"0":{"start":{"line":1,"column":30},"end":{"line":10,"column":1}},"1":{"start":{"line":2,"column":19},"end":{"line":2,"column":32}},"2":{"start":{"line":4,"column":2},"end":{"line":7,"column":3}},"3":{"start":{"line":4,"column":15},"end":{"line":4,"column":34}},"4":{"start":{"line":5,"column":14},"end":{"line":5,"column":49}},"5":{"start":{"line":6,"column":4},"end":{"line":6,"column":60}},"6":{"start":{"line":9,"column":2},"end":{"line":9,"column":18}},"7":{"start":{"line":12,"column":28},"end":{"line":13,"column":63}},"8":{"start":{"line":13,"column":2},"end":{"line":13,"column":63}},"9":{"start":{"line":13,"column":31},"end":{"line":13,"column":62}},"10":{"start":{"line":15,"column":26},"end":{"line":16,"column":60}},"11":{"start":{"line":16,"column":2},"end":{"line":16,"column":60}},"12":{"start":{"line":16,"column":31},"end":{"line":16,"column":59}}},"fnMap":{"0":{"name":"(anonymous_0)","decl":{"start":{"line":1,"column":30},"end":{"line":1,"column":31}},"loc":{"start":{"line":1,"column":44},"end":{"line":10,"column":1}},"line":1},"1":{"name":"(anonymous_1)","decl":{"start":{"line":12,"column":28},"end":{"line":12,"column":29}},"loc":{"start":{"line":13,"column":2},"end":{"line":13,"column":63}},"line":13},"2":{"name":"(anonymous_2)","decl":{"start":{"line":13,"column":21},"end":{"line":13,"column":22}},"loc":{"start":{"line":13,"column":31},"end":{"line":13,"column":62}},"line":13},"3":{"name":"(anonymous_3)","decl":{"start":{"line":15,"column":26},"end":{"line":15,"column":27}},"loc":{"start":{"line":16,"column":2},"end":{"line":16,"column":60}},"line":16},"4":{"name":"(anonymous_4)","decl":{"start":{"line":16,"column":21},"end":{"line":16,"column":22}},"loc":{"start":{"line":16,"column":31},"end":{"line":16,"column":59}},"line":16}},"branchMap":{},"s":{"0":1,"1":106,"2":106,"3":106,"4":312,"5":312,"6":106,"7":1,"8":8,"9":28,"10":1,"11":9,"12":26},"f":{"0":106,"1":8,"2":28,"3":9,"4":26},"b":{},"_coverageSchema":"1a1c01bbd47fc00a2c39e90264f33305004495a9","hash":"ff5903aa4689a42b9df0aa4b6cb02edcd1707851"}
,"C:\\PruebasTecnicas\\velora-hr\\src\\shared\\layout\\AppLayout.jsx": {"path":"C:\\PruebasTecnicas\\velora-hr\\src\\shared\\layout\\AppLayout.jsx","statementMap":{"0":{"start":{"line":4,"column":18},"end":{"line":13,"column":1}},"1":{"start":{"line":5,"column":2},"end":{"line":12,"column":4}}},"fnMap":{"0":{"name":"(anonymous_0)","decl":{"start":{"line":4,"column":18},"end":{"line":4,"column":19}},"loc":{"start":{"line":4,"column":24},"end":{"line":13,"column":1}},"line":4}},"branchMap":{},"s":{"0":0,"1":0},"f":{"0":0},"b":{}}
,"C:\\PruebasTecnicas\\velora-hr\\src\\shared\\layout\\Sidebar.jsx": {"path":"C:\\PruebasTecnicas\\velora-hr\\src\\shared\\layout\\Sidebar.jsx","statementMap":{"0":{"start":{"line":4,"column":16},"end":{"line":49,"column":1}},"1":{"start":{"line":5,"column":19},"end":{"line":21,"column":3}},"2":{"start":{"line":9,"column":18},"end":{"line":9,"column":41}},"3":{"start":{"line":14,"column":18},"end":{"line":14,"column":46}},"4":{"start":{"line":19,"column":18},"end":{"line":19,"column":37}},"5":{"start":{"line":23,"column":2},"end":{"line":48,"column":4}},"6":{"start":{"line":30,"column":12},"end":{"line":43,"column":22}},"7":{"start":{"line":34,"column":16},"end":{"line":38,"column":18}}},"fnMap":{"0":{"name":"(anonymous_0)","decl":{"start":{"line":4,"column":16},"end":{"line":4,"column":17}},"loc":{"start":{"line":4,"column":22},"end":{"line":49,"column":1}},"line":4},"1":{"name":"(anonymous_1)","decl":{"start":{"line":9,"column":12},"end":{"line":9,"column":13}},"loc":{"start":{"line":9,"column":18},"end":{"line":9,"column":41}},"line":9},"2":{"name":"(anonymous_2)","decl":{"start":{"line":14,"column":12},"end":{"line":14,"column":13}},"loc":{"start":{"line":14,"column":18},"end":{"line":14,"column":46}},"line":14},"3":{"name":"(anonymous_3)","decl":{"start":{"line":19,"column":12},"end":{"line":19,"column":13}},"loc":{"start":{"line":19,"column":18},"end":{"line":19,"column":37}},"line":19},"4":{"name":"(anonymous_4)","decl":{"start":{"line":29,"column":24},"end":{"line":29,"column":25}},"loc":{"start":{"line":30,"column":12},"end":{"line":43,"column":22}},"line":30},"5":{"name":"(anonymous_5)","decl":{"start":{"line":33,"column":25},"end":{"line":33,"column":26}},"loc":{"start":{"line":34,"column":16},"end":{"line":38,"column":18}},"line":34}},"branchMap":{"0":{"loc":{"start":{"line":35,"column":18},"end":{"line":37,"column":75}},"type":"cond-expr","locations":[{"start":{"line":36,"column":22},"end":{"line":36,"column":76}},{"start":{"line":37,"column":22},"end":{"line":37,"column":75}}],"line":35}},"s":{"0":0,"1":0,"2":0,"3":0,"4":0,"5":0,"6":0,"7":0},"f":{"0":0,"1":0,"2":0,"3":0,"4":0,"5":0},"b":{"0":[0,0]}}
,"C:\\PruebasTecnicas\\velora-hr\\src\\store\\useBattleStore.js": {"path":"C:\\PruebasTecnicas\\velora-hr\\src\\store\\useBattleStore.js","statementMap":{"0":{"start":{"line":4,"column":23},"end":{"line":51,"column":3}},"1":{"start":{"line":4,"column":40},"end":{"line":51,"column":1}},"2":{"start":{"line":15,"column":4},"end":{"line":20,"column":7}},"3":{"start":{"line":15,"column":20},"end":{"line":20,"column":5}},"4":{"start":{"line":23,"column":4},"end":{"line":28,"column":8}},"5":{"start":{"line":23,"column":20},"end":{"line":28,"column":5}},"6":{"start":{"line":31,"column":29},"end":{"line":31,"column":68}},"7":{"start":{"line":33,"column":4},"end":{"line":33,"column":33}},"8":{"start":{"line":33,"column":26},"end":{"line":33,"column":33}},"9":{"start":{"line":35,"column":31},"end":{"line":35,"column":75}},"10":{"start":{"line":37,"column":4},"end":{"line":41,"column":7}},"11":{"start":{"line":45,"column":4},"end":{"line":50,"column":6}}},"fnMap":{"0":{"name":"(anonymous_0)","decl":{"start":{"line":4,"column":30},"end":{"line":4,"column":31}},"loc":{"start":{"line":4,"column":40},"end":{"line":51,"column":1}},"line":4},"1":{"name":"(anonymous_1)","decl":{"start":{"line":14,"column":12},"end":{"line":14,"column":13}},"loc":{"start":{"line":15,"column":4},"end":{"line":20,"column":7}},"line":15},"2":{"name":"(anonymous_2)","decl":{"start":{"line":15,"column":8},"end":{"line":15,"column":9}},"loc":{"start":{"line":15,"column":20},"end":{"line":20,"column":5}},"line":15},"3":{"name":"(anonymous_3)","decl":{"start":{"line":22,"column":12},"end":{"line":22,"column":13}},"loc":{"start":{"line":22,"column":22},"end":{"line":29,"column":3}},"line":22},"4":{"name":"(anonymous_4)","decl":{"start":{"line":23,"column":8},"end":{"line":23,"column":9}},"loc":{"start":{"line":23,"column":20},"end":{"line":28,"column":5}},"line":23},"5":{"name":"(anonymous_5)","decl":{"start":{"line":30,"column":15},"end":{"line":30,"column":16}},"loc":{"start":{"line":30,"column":21},"end":{"line":42,"column":3}},"line":30},"6":{"name":"(anonymous_6)","decl":{"start":{"line":44,"column":15},"end":{"line":44,"column":16}},"loc":{"start":{"line":45,"column":4},"end":{"line":50,"column":6}},"line":45}},"branchMap":{"0":{"loc":{"start":{"line":33,"column":4},"end":{"line":33,"column":33}},"type":"if","locations":[{"start":{"line":33,"column":4},"end":{"line":33,"column":33}},{"start":{},"end":{}}],"line":33},"1":{"loc":{"start":{"line":33,"column":8},"end":{"line":33,"column":24}},"type":"binary-expr","locations":[{"start":{"line":33,"column":8},"end":{"line":33,"column":14}},{"start":{"line":33,"column":18},"end":{"line":33,"column":24}}],"line":33}},"s":{"0":0,"1":0,"2":0,"3":0,"4":0,"5":0,"6":0,"7":0,"8":0,"9":0,"10":0,"11":0},"f":{"0":0,"1":0,"2":0,"3":0,"4":0,"5":0,"6":0},"b":{"0":[0,0],"1":[0,0]}}
,"C:\\PruebasTecnicas\\velora-hr\\src\\store\\useFilterStore.js": {"path":"C:\\PruebasTecnicas\\velora-hr\\src\\store\\useFilterStore.js","statementMap":{"0":{"start":{"line":3,"column":24},"end":{"line":34,"column":3}},"1":{"start":{"line":3,"column":46},"end":{"line":34,"column":1}},"2":{"start":{"line":8,"column":21},"end":{"line":8,"column":48}},"3":{"start":{"line":10,"column":4},"end":{"line":10,"column":64}},"4":{"start":{"line":12,"column":35},"end":{"line":12,"column":55}},"5":{"start":{"line":13,"column":33},"end":{"line":13,"column":52}},"6":{"start":{"line":15,"column":37},"end":{"line":15,"column":58}},"7":{"start":{"line":18,"column":28},"end":{"line":18,"column":33}},"8":{"start":{"line":19,"column":4},"end":{"line":19,"column":58}},"9":{"start":{"line":23,"column":4},"end":{"line":27,"column":6}},"10":{"start":{"line":30,"column":4},"end":{"line":33,"column":6}}},"fnMap":{"0":{"name":"(anonymous_0)","decl":{"start":{"line":3,"column":31},"end":{"line":3,"column":32}},"loc":{"start":{"line":3,"column":46},"end":{"line":34,"column":1}},"line":3},"1":{"name":"(anonymous_1)","decl":{"start":{"line":8,"column":15},"end":{"line":8,"column":16}},"loc":{"start":{"line":8,"column":21},"end":{"line":8,"column":48}},"line":8},"2":{"name":"(anonymous_2)","decl":{"start":{"line":9,"column":20},"end":{"line":9,"column":21}},"loc":{"start":{"line":10,"column":4},"end":{"line":10,"column":64}},"line":10},"3":{"name":"(anonymous_3)","decl":{"start":{"line":12,"column":18},"end":{"line":12,"column":19}},"loc":{"start":{"line":12,"column":35},"end":{"line":12,"column":55}},"line":12},"4":{"name":"(anonymous_4)","decl":{"start":{"line":13,"column":17},"end":{"line":13,"column":18}},"loc":{"start":{"line":13,"column":33},"end":{"line":13,"column":52}},"line":13},"5":{"name":"(anonymous_5)","decl":{"start":{"line":15,"column":19},"end":{"line":15,"column":20}},"loc":{"start":{"line":15,"column":37},"end":{"line":15,"column":58}},"line":15},"6":{"name":"(anonymous_6)","decl":{"start":{"line":17,"column":17},"end":{"line":17,"column":18}},"loc":{"start":{"line":17,"column":23},"end":{"line":20,"column":3}},"line":17},"7":{"name":"(anonymous_7)","decl":{"start":{"line":22,"column":16},"end":{"line":22,"column":17}},"loc":{"start":{"line":23,"column":4},"end":{"line":27,"column":6}},"line":23},"8":{"name":"(anonymous_8)","decl":{"start":{"line":29,"column":15},"end":{"line":29,"column":16}},"loc":{"start":{"line":30,"column":4},"end":{"line":33,"column":6}},"line":30}},"branchMap":{"0":{"loc":{"start":{"line":10,"column":4},"end":{"line":10,"column":64}},"type":"binary-expr","locations":[{"start":{"line":10,"column":4},"end":{"line":10,"column":31}},{"start":{"line":10,"column":35},"end":{"line":10,"column":64}}],"line":10}},"s":{"0":0,"1":0,"2":0,"3":0,"4":0,"5":0,"6":0,"7":0,"8":0,"9":0,"10":0},"f":{"0":0,"1":0,"2":0,"3":0,"4":0,"5":0,"6":0,"7":0,"8":0},"b":{"0":[0,0]}}
,"C:\\PruebasTecnicas\\velora-hr\\src\\store\\useTeamStore.js": {"path":"C:\\PruebasTecnicas\\velora-hr\\src\\store\\useTeamStore.js","statementMap":{"0":{"start":{"line":5,"column":22},"end":{"line":5,"column":23}},"1":{"start":{"line":7,"column":21},"end":{"line":135,"column":1}},"2":{"start":{"line":9,"column":19},"end":{"line":126,"column":5}},"3":{"start":{"line":19,"column":8},"end":{"line":26,"column":10}},"4":{"start":{"line":29,"column":8},"end":{"line":34,"column":11}},"5":{"start":{"line":29,"column":24},"end":{"line":34,"column":9}},"6":{"start":{"line":37,"column":32},"end":{"line":37,"column":37}},"7":{"start":{"line":39,"column":8},"end":{"line":40,"column":64}},"8":{"start":{"line":40,"column":10},"end":{"line":40,"column":64}},"9":{"start":{"line":42,"column":30},"end":{"line":44,"column":9}},"10":{"start":{"line":43,"column":17},"end":{"line":43,"column":36}},"11":{"start":{"line":46,"column":8},"end":{"line":48,"column":9}},"12":{"start":{"line":47,"column":10},"end":{"line":47,"column":78}},"13":{"start":{"line":50,"column":8},"end":{"line":55,"column":11}},"14":{"start":{"line":57,"column":8},"end":{"line":57,"column":61}},"15":{"start":{"line":61,"column":8},"end":{"line":68,"column":11}},"16":{"start":{"line":61,"column":24},"end":{"line":68,"column":9}},"17":{"start":{"line":65,"column":21},"end":{"line":65,"column":39}},"18":{"start":{"line":71,"column":8},"end":{"line":75,"column":11}},"19":{"start":{"line":71,"column":24},"end":{"line":75,"column":9}},"20":{"start":{"line":73,"column":12},"end":{"line":73,"column":61}},"21":{"start":{"line":78,"column":8},"end":{"line":84,"column":11}},"22":{"start":{"line":78,"column":24},"end":{"line":84,"column":9}},"23":{"start":{"line":80,"column":12},"end":{"line":82,"column":20}},"24":{"start":{"line":87,"column":39},"end":{"line":87,"column":44}},"25":{"start":{"line":89,"column":8},"end":{"line":94,"column":9}},"26":{"start":{"line":90,"column":10},"end":{"line":92,"column":12}},"27":{"start":{"line":93,"column":10},"end":{"line":93,"column":23}},"28":{"start":{"line":96,"column":8},"end":{"line":104,"column":11}},"29":{"start":{"line":108,"column":32},"end":{"line":108,"column":37}},"30":{"start":{"line":110,"column":8},"end":{"line":110,"column":54}},"31":{"start":{"line":110,"column":47},"end":{"line":110,"column":54}},"32":{"start":{"line":112,"column":8},"end":{"line":114,"column":11}},"33":{"start":{"line":118,"column":8},"end":{"line":120,"column":11}},"34":{"start":{"line":118,"column":24},"end":{"line":120,"column":9}},"35":{"start":{"line":123,"column":8},"end":{"line":125,"column":10}},"36":{"start":{"line":129,"column":30},"end":{"line":132,"column":7}}},"fnMap":{"0":{"name":"(anonymous_0)","decl":{"start":{"line":9,"column":4},"end":{"line":9,"column":5}},"loc":{"start":{"line":9,"column":19},"end":{"line":126,"column":5}},"line":9},"1":{"name":"(anonymous_1)","decl":{"start":{"line":18,"column":20},"end":{"line":18,"column":21}},"loc":{"start":{"line":19,"column":8},"end":{"line":26,"column":10}},"line":19},"2":{"name":"(anonymous_2)","decl":{"start":{"line":28,"column":19},"end":{"line":28,"column":20}},"loc":{"start":{"line":29,"column":8},"end":{"line":34,"column":11}},"line":29},"3":{"name":"(anonymous_3)","decl":{"start":{"line":29,"column":12},"end":{"line":29,"column":13}},"loc":{"start":{"line":29,"column":24},"end":{"line":34,"column":9}},"line":29},"4":{"name":"(anonymous_4)","decl":{"start":{"line":36,"column":18},"end":{"line":36,"column":19}},"loc":{"start":{"line":36,"column":31},"end":{"line":58,"column":7}},"line":36},"5":{"name":"(anonymous_5)","decl":{"start":{"line":43,"column":10},"end":{"line":43,"column":11}},"loc":{"start":{"line":43,"column":17},"end":{"line":43,"column":36}},"line":43},"6":{"name":"(anonymous_6)","decl":{"start":{"line":60,"column":21},"end":{"line":60,"column":22}},"loc":{"start":{"line":61,"column":8},"end":{"line":68,"column":11}},"line":61},"7":{"name":"(anonymous_7)","decl":{"start":{"line":61,"column":12},"end":{"line":61,"column":13}},"loc":{"start":{"line":61,"column":24},"end":{"line":68,"column":9}},"line":61},"8":{"name":"(anonymous_8)","decl":{"start":{"line":65,"column":14},"end":{"line":65,"column":15}},"loc":{"start":{"line":65,"column":21},"end":{"line":65,"column":39}},"line":65},"9":{"name":"(anonymous_9)","decl":{"start":{"line":70,"column":23},"end":{"line":70,"column":24}},"loc":{"start":{"line":71,"column":8},"end":{"line":75,"column":11}},"line":71},"10":{"name":"(anonymous_10)","decl":{"start":{"line":71,"column":12},"end":{"line":71,"column":13}},"loc":{"start":{"line":71,"column":24},"end":{"line":75,"column":9}},"line":71},"11":{"name":"(anonymous_11)","decl":{"start":{"line":72,"column":33},"end":{"line":72,"column":34}},"loc":{"start":{"line":73,"column":12},"end":{"line":73,"column":61}},"line":73},"12":{"name":"(anonymous_12)","decl":{"start":{"line":77,"column":29},"end":{"line":77,"column":30}},"loc":{"start":{"line":78,"column":8},"end":{"line":84,"column":11}},"line":78},"13":{"name":"(anonymous_13)","decl":{"start":{"line":78,"column":12},"end":{"line":78,"column":13}},"loc":{"start":{"line":78,"column":24},"end":{"line":84,"column":9}},"line":78},"14":{"name":"(anonymous_14)","decl":{"start":{"line":79,"column":33},"end":{"line":79,"column":34}},"loc":{"start":{"line":80,"column":12},"end":{"line":82,"column":20}},"line":80},"15":{"name":"(anonymous_15)","decl":{"start":{"line":86,"column":16},"end":{"line":86,"column":17}},"loc":{"start":{"line":86,"column":22},"end":{"line":105,"column":7}},"line":86},"16":{"name":"(anonymous_16)","decl":{"start":{"line":107,"column":17},"end":{"line":107,"column":18}},"loc":{"start":{"line":107,"column":23},"end":{"line":115,"column":7}},"line":107},"17":{"name":"(anonymous_17)","decl":{"start":{"line":117,"column":17},"end":{"line":117,"column":18}},"loc":{"start":{"line":118,"column":8},"end":{"line":120,"column":11}},"line":118},"18":{"name":"(anonymous_18)","decl":{"start":{"line":118,"column":12},"end":{"line":118,"column":13}},"loc":{"start":{"line":118,"column":24},"end":{"line":120,"column":9}},"line":118},"19":{"name":"(anonymous_19)","decl":{"start":{"line":122,"column":20},"end":{"line":122,"column":21}},"loc":{"start":{"line":123,"column":8},"end":{"line":125,"column":10}},"line":123},"20":{"name":"(anonymous_20)","decl":{"start":{"line":129,"column":18},"end":{"line":129,"column":19}},"loc":{"start":{"line":129,"column":30},"end":{"line":132,"column":7}},"line":129}},"branchMap":{"0":{"loc":{"start":{"line":39,"column":8},"end":{"line":40,"column":64}},"type":"if","locations":[{"start":{"line":39,"column":8},"end":{"line":40,"column":64}},{"start":{},"end":{}}],"line":39},"1":{"loc":{"start":{"line":46,"column":8},"end":{"line":48,"column":9}},"type":"if","locations":[{"start":{"line":46,"column":8},"end":{"line":48,"column":9}},{"start":{},"end":{}}],"line":46},"2":{"loc":{"start":{"line":73,"column":12},"end":{"line":73,"column":61}},"type":"cond-expr","locations":[{"start":{"line":73,"column":33},"end":{"line":73,"column":54}},{"start":{"line":73,"column":57},"end":{"line":73,"column":61}}],"line":73},"3":{"loc":{"start":{"line":80,"column":12},"end":{"line":82,"column":20}},"type":"cond-expr","locations":[{"start":{"line":81,"column":16},"end":{"line":81,"column":63}},{"start":{"line":82,"column":16},"end":{"line":82,"column":20}}],"line":80},"4":{"loc":{"start":{"line":89,"column":8},"end":{"line":94,"column":9}},"type":"if","locations":[{"start":{"line":89,"column":8},"end":{"line":94,"column":9}},{"start":{},"end":{}}],"line":89},"5":{"loc":{"start":{"line":89,"column":12},"end":{"line":89,"column":66}},"type":"binary-expr","locations":[{"start":{"line":89,"column":12},"end":{"line":89,"column":29}},{"start":{"line":89,"column":33},"end":{"line":89,"column":66}}],"line":89},"6":{"loc":{"start":{"line":110,"column":8},"end":{"line":110,"column":54}},"type":"if","locations":[{"start":{"line":110,"column":8},"end":{"line":110,"column":54}},{"start":{},"end":{}}],"line":110}},"s":{"0":0,"1":0,"2":0,"3":0,"4":0,"5":0,"6":0,"7":0,"8":0,"9":0,"10":0,"11":0,"12":0,"13":0,"14":0,"15":0,"16":0,"17":0,"18":0,"19":0,"20":0,"21":0,"22":0,"23":0,"24":0,"25":0,"26":0,"27":0,"28":0,"29":0,"30":0,"31":0,"32":0,"33":0,"34":0,"35":0,"36":0},"f":{"0":0,"1":0,"2":0,"3":0,"4":0,"5":0,"6":0,"7":0,"8":0,"9":0,"10":0,"11":0,"12":0,"13":0,"14":0,"15":0,"16":0,"17":0,"18":0,"19":0,"20":0},"b":{"0":[0,0],"1":[0,0],"2":[0,0],"3":[0,0],"4":[0,0],"5":[0,0],"6":[0,0]}}
}
